<?xml version="1.0" encoding="UTF-8"?>
<!-- Generated by org.testng.reporters.JUnitReportReporter -->
<testsuite hostname="A0301020301" name="spctest.com.wy429.DataImportTest" tests="2" failures="0" timestamp="10 May 2016 06:55:42 GMT" time="8.538" errors="0">
  <testcase name="f" time="7.448" classname="spctest.com.wy429.DataImportTest"/>
  <testcase name="f1" time="1.090" classname="spctest.com.wy429.DataImportTest"/>
</testsuite> <!-- spctest.com.wy429.DataImportTest -->
