<?xml version="1.0" encoding="UTF-8"?>
<!-- Generated by org.testng.reporters.JUnitReportReporter -->
<testsuite hostname="A0301020301" name="spctest.com.wy429.ProjectTest" tests="1" failures="0" timestamp="3 May 2016 02:56:45 GMT" time="6.280" errors="0">
  <testcase name="f" time="6.280" classname="spctest.com.wy429.ProjectTest"/>
</testsuite> <!-- spctest.com.wy429.ProjectTest -->
