<?xml version="1.0" encoding="UTF-8"?>
<!-- Generated by org.testng.reporters.JUnitReportReporter -->
<testsuite hostname="A0301020301" name="spctest.com.pageAction.NewRoleTest" tests="1" failures="0" timestamp="1 Jun 2016 11:29:44 GMT" time="5.729" errors="0">
  <testcase name="f" time="5.729" classname="spctest.com.pageAction.NewRoleTest"/>
</testsuite> <!-- spctest.com.pageAction.NewRoleTest -->
