<?xml version="1.0" encoding="UTF-8"?>
<!-- Generated by org.testng.reporters.JUnitReportReporter -->
<testsuite hostname="A0301020301" name="spctest.com.pageAction.LoginTest" tests="4" failures="0" timestamp="28 May 2016 01:35:00 GMT" time="35.329" errors="0">
  <testcase name="login_1" time="8.057" classname="spctest.com.pageAction.LoginTest"/>
  <testcase name="login_1" time="7.953" classname="spctest.com.pageAction.LoginTest"/>
  <testcase name="login_1" time="9.383" classname="spctest.com.pageAction.LoginTest"/>
  <testcase name="login_1" time="9.936" classname="spctest.com.pageAction.LoginTest"/>
</testsuite> <!-- spctest.com.pageAction.LoginTest -->
