<?xml version="1.0" encoding="UTF-8"?>
<!-- Generated by org.testng.reporters.JUnitReportReporter -->
<testsuite hostname="A0301020301" name="spctest.com.wy429.LoginTest" tests="2" failures="0" timestamp="9 May 2016 07:32:51 GMT" time="11.633" errors="0">
  <testcase name="login_4" time="5.126" classname="spctest.com.wy429.LoginTest"/>
  <testcase name="login_4" time="6.507" classname="spctest.com.wy429.LoginTest"/>
</testsuite> <!-- spctest.com.wy429.LoginTest -->
